<?xml version="1.0" encoding="UTF-8"?>
<!-- Generated by org.testng.reporters.JUnitReportReporter -->
<testsuite hostname="DESKTOP-MHJS6DJ" failures="0" tests="1" name="com.QA.Test.TC001_LoginAsClientTest" time="6.380" errors="0" timestamp="2022-10-20T12:09:03 IST" skipped="0">
  <testcase classname="com.QA.Test.TC001_LoginAsClientTest" name="LoginAsClient" time="6.380"/>
  <system-out/>
</testsuite> <!-- com.QA.Test.TC001_LoginAsClientTest -->
