<?xml version="1.0" encoding="UTF-8"?>
<!-- Generated by org.testng.reporters.JUnitReportReporter -->
<testsuite hostname="DESKTOP-R5545K" failures="0" tests="1" name="com.QA.Test.TC002_OpenAnAccountTest" time="23.685" errors="1" timestamp="2022-10-19T18:19:29 IST" skipped="0">
  <testcase classname="com.QA.Test.TC002_OpenAnAccountTest" name="OpenAnAccount" time="23.685">
    <error message="An element could not be located on the page using the given search parameters.
For documentation on this error, please visit: https://www.seleniumhq.org/exceptions/no_such_element.html
Build info: version: &#039;3.141.59&#039;, revision: &#039;e82be7d358&#039;, time: &#039;2018-11-14T08:17:03&#039;
System info: host: &#039;DESKTOP-R5545K&#039;, ip: &#039;192.168.31.209&#039;, os.name: &#039;Windows 10&#039;, os.arch: &#039;amd64&#039;, os.version: &#039;10.0&#039;, java.version: &#039;11.0.16.1&#039;
Driver info: io.appium.java_client.android.AndroidDriver
Capabilities {app: C:\Users\USEr\eclipse-works..., appActivity: com.ventura.venturawealth.a..., appPackage: com.ventura.venturawealth, autoGrantPermissions: true, automationName: UiAutomator2, chromeDriverPort: 11000, databaseEnabled: false, desired: {app: C:\Users\USEr\eclipse-works..., appActivity: com.ventura.venturawealth.a..., appPackage: com.ventura.venturawealth, autoGrantPermissions: true, automationName: UiAutomator2, chromeDriverPort: 11000, deviceName: Redmi Note 8 Pro, platformName: android, systemPort: 10000, udid: 4tyljv4df6tgzxyx}, deviceApiLevel: 30, deviceManufacturer: Xiaomi, deviceModel: Redmi Note 8 Pro, deviceName: 4tyljv4df6tgzxyx, deviceScreenDensity: 440, deviceScreenSize: 1080x2340, deviceUDID: 4tyljv4df6tgzxyx, javascriptEnabled: true, locationContextEnabled: false, networkConnectionEnabled: true, pixelRatio: 2.75, platform: LINUX, platformName: Android, platformVersion: 11, statBarHeight: 76, systemPort: 10000, takesScreenshot: true, udid: 4tyljv4df6tgzxyx, viewportRect: {height: 2058, left: 0, top: 76, width: 1080}, warnings: {}, webStorageEnabled: false}
Session ID: fb8e6568-180b-4939-b27d-1c60a39f3797
*** Element info: {Using=-android uiautomator, value=new UiScrollable(new UiSelector().scrollable(true)).scrollIntoView(new UiSelector().description(&quot;Maharashtra&quot;));}" type="org.openqa.selenium.NoSuchElementException">
      <![CDATA[org.openqa.selenium.NoSuchElementException: An element could not be located on the page using the given search parameters.
For documentation on this error, please visit: https://www.seleniumhq.org/exceptions/no_such_element.html
Build info: version: '3.141.59', revision: 'e82be7d358', time: '2018-11-14T08:17:03'
System info: host: 'DESKTOP-R5545K', ip: '192.168.31.209', os.name: 'Windows 10', os.arch: 'amd64', os.version: '10.0', java.version: '11.0.16.1'
Driver info: io.appium.java_client.android.AndroidDriver
Capabilities {app: C:\Users\USEr\eclipse-works..., appActivity: com.ventura.venturawealth.a..., appPackage: com.ventura.venturawealth, autoGrantPermissions: true, automationName: UiAutomator2, chromeDriverPort: 11000, databaseEnabled: false, desired: {app: C:\Users\USEr\eclipse-works..., appActivity: com.ventura.venturawealth.a..., appPackage: com.ventura.venturawealth, autoGrantPermissions: true, automationName: UiAutomator2, chromeDriverPort: 11000, deviceName: Redmi Note 8 Pro, platformName: android, systemPort: 10000, udid: 4tyljv4df6tgzxyx}, deviceApiLevel: 30, deviceManufacturer: Xiaomi, deviceModel: Redmi Note 8 Pro, deviceName: 4tyljv4df6tgzxyx, deviceScreenDensity: 440, deviceScreenSize: 1080x2340, deviceUDID: 4tyljv4df6tgzxyx, javascriptEnabled: true, locationContextEnabled: false, networkConnectionEnabled: true, pixelRatio: 2.75, platform: LINUX, platformName: Android, platformVersion: 11, statBarHeight: 76, systemPort: 10000, takesScreenshot: true, udid: 4tyljv4df6tgzxyx, viewportRect: {height: 2058, left: 0, top: 76, width: 1080}, warnings: {}, webStorageEnabled: false}
Session ID: fb8e6568-180b-4939-b27d-1c60a39f3797
*** Element info: {Using=-android uiautomator, value=new UiScrollable(new UiSelector().scrollable(true)).scrollIntoView(new UiSelector().description("Maharashtra"));}
at java.base/jdk.internal.reflect.NativeConstructorAccessorImpl.newInstance0(Native Method)
at java.base/jdk.internal.reflect.NativeConstructorAccessorImpl.newInstance(NativeConstructorAccessorImpl.java:62)
at java.base/jdk.internal.reflect.DelegatingConstructorAccessorImpl.newInstance(DelegatingConstructorAccessorImpl.java:45)
at java.base/java.lang.reflect.Constructor.newInstance(Constructor.java:490)
at org.openqa.selenium.remote.http.W3CHttpResponseCodec.createException(W3CHttpResponseCodec.java:187)
at org.openqa.selenium.remote.http.W3CHttpResponseCodec.decode(W3CHttpResponseCodec.java:122)
at org.openqa.selenium.remote.http.W3CHttpResponseCodec.decode(W3CHttpResponseCodec.java:49)
at org.openqa.selenium.remote.HttpCommandExecutor.execute(HttpCommandExecutor.java:158)
at io.appium.java_client.remote.AppiumCommandExecutor.execute(AppiumCommandExecutor.java:250)
at org.openqa.selenium.remote.RemoteWebDriver.execute(RemoteWebDriver.java:552)
at io.appium.java_client.DefaultGenericMobileDriver.execute(DefaultGenericMobileDriver.java:41)
at io.appium.java_client.AppiumDriver.execute(AppiumDriver.java:1)
at io.appium.java_client.android.AndroidDriver.execute(AndroidDriver.java:1)
at org.openqa.selenium.remote.RemoteWebDriver.findElement(RemoteWebDriver.java:323)
at io.appium.java_client.DefaultGenericMobileDriver.findElement(DefaultGenericMobileDriver.java:61)
at io.appium.java_client.AppiumDriver.findElement(AppiumDriver.java:1)
at io.appium.java_client.android.AndroidDriver.findElement(AndroidDriver.java:1)
at io.appium.java_client.FindsByAndroidUIAutomator.findElementByAndroidUIAutomator(FindsByAndroidUIAutomator.java:38)
at com.QA.Base.BaseTest.scrollToElement(BaseTest.java:375)
at com.QA.Pages.OpenAnAccountPage.SetStatefield(OpenAnAccountPage.java:70)
at com.QA.Test.TC002_OpenAnAccountTest.OpenAnAccount(TC002_OpenAnAccountTest.java:81)
at java.base/jdk.internal.reflect.NativeMethodAccessorImpl.invoke0(Native Method)
at java.base/jdk.internal.reflect.NativeMethodAccessorImpl.invoke(NativeMethodAccessorImpl.java:62)
at java.base/jdk.internal.reflect.DelegatingMethodAccessorImpl.invoke(DelegatingMethodAccessorImpl.java:43)
at java.base/java.lang.reflect.Method.invoke(Method.java:566)
at org.testng.internal.MethodInvocationHelper.invokeMethod(MethodInvocationHelper.java:133)
at org.testng.internal.TestInvoker.invokeMethod(TestInvoker.java:598)
at org.testng.internal.TestInvoker.invokeTestMethod(TestInvoker.java:173)
at org.testng.internal.MethodRunner.runInSequence(MethodRunner.java:46)
at org.testng.internal.TestInvoker$MethodInvocationAgent.invoke(TestInvoker.java:824)
at org.testng.internal.TestInvoker.invokeTestMethods(TestInvoker.java:146)
at org.testng.internal.TestMethodWorker.invokeTestMethods(TestMethodWorker.java:146)
at org.testng.internal.TestMethodWorker.run(TestMethodWorker.java:128)
at java.base/java.util.ArrayList.forEach(ArrayList.java:1541)
at org.testng.TestRunner.privateRun(TestRunner.java:794)
at org.testng.TestRunner.run(TestRunner.java:596)
at org.testng.SuiteRunner.runTest(SuiteRunner.java:377)
at org.testng.SuiteRunner.runSequentially(SuiteRunner.java:371)
at org.testng.SuiteRunner.privateRun(SuiteRunner.java:332)
at org.testng.SuiteRunner.run(SuiteRunner.java:276)
at org.testng.SuiteRunnerWorker.runSuite(SuiteRunnerWorker.java:53)
at org.testng.SuiteRunnerWorker.run(SuiteRunnerWorker.java:96)
at org.testng.TestNG.runSuitesSequentially(TestNG.java:1212)
at org.testng.TestNG.runSuitesLocally(TestNG.java:1134)
at org.testng.TestNG.runSuites(TestNG.java:1063)
at org.testng.TestNG.run(TestNG.java:1031)
at org.testng.remote.AbstractRemoteTestNG.run(AbstractRemoteTestNG.java:115)
at org.testng.remote.RemoteTestNG.initAndRun(RemoteTestNG.java:251)
at org.testng.remote.RemoteTestNG.main(RemoteTestNG.java:77)
]]>
    </error>
  </testcase> <!-- OpenAnAccount -->
  <system-out>
    <![CDATA[This is the sample screenshot
<a href='C:\Users\USEr\eclipse-workspace\VenturaMobileAutomation\Screenshots\Android_Redmi Note 8 Pro\2022-10-19-18-18-51\TC002_OpenAnAccountTest\OpenAnAccount.png'> <img src='C:\Users\USEr\eclipse-workspace\VenturaMobileAutomation\Screenshots\Android_Redmi Note 8 Pro\2022-10-19-18-18-51\TC002_OpenAnAccountTest\OpenAnAccount.png' height='400' width='400'/> </a>]]>
  </system-out>
</testsuite> <!-- com.QA.Test.TC002_OpenAnAccountTest -->
